all: 怪怪
all: 淚水
all: 打腫
all: 打老公
all: 猛按
all: 哭成
all: 富足
all: 聊太
all: 你們這種
all: 崩╰(〒皿〒)╯潰
all: 煩死
all: 後悔
all: 懸在
all: 沒一下子
all: =+=
all: 找碴
all: 不是奢望
all: T+T
all: 如膠似+漆
all: 痙攣
all: 看俏
all: 打小孩
all: ^+^
all: 哭出聲來
all: 漆黑
all: 妄想
all: 搞錯
all: 空無+一人
all: 騙鬼
all: 最後通碟
all: 沒有+人
all: 放棄很多
all: 好端端
all: 不死
all: 抱抱他
all: 淚人兒
all: 懶的
all: 要幹嘛
all: 不會好到哪去
all: 滿心
all: 不美滿
all: ^+^
all: (+′-`)y
all: 怪怪
all: 半毛錢
all: 怎麼開始
all: 少給我
all: 鬼混
all: 大+富大貴
all: 無法入眠
all: 沒醒
all: 太閒
all: 發麻
all: XDD
all: 沒事+不要
all: 刺+眼
all: 不是+滋味
all: 陰暗
all: 逃離
all: 未減速
all: 整天泡在
all: 天下無不散
all: 要結束
all: 緝捕
all: 懊悔
all: 好講話
all: 摟著+她的腰
all: >+<
all: 病變
all: 迷失
all: 沒打算
all: 誤觸
all: 酸了起來
all: 受限
all: 比死還要安+靜
all: 排山倒海
all: 期望太大
all: 指使
all: 人有人道
all: 屁事
all: 壁紙
all: 粗口
all: 迅雷不及掩+耳
all: 難熬
all: 更兇
all: 拖著疲憊的
all: 寬拓
all: 最高分
all: 理虧
all: 喜獲
all: 難用
all: 騙走
all: 非常可+怕
all: 早已停不住
all: 超乎
all: 氣頭+上
all: XDD
all: 重重障礙
all: 沒有福+氣
all: 傲人
all: 失調
all: 瘋狗
all: 竊笑
all: 睜得很大
all: 勃然
all: 搞+錯了
all: 赫然
all: 均安
all: 倒好
all: 胡說+八道
all: 遲遲的不敢
all: 鬼有鬼道
all: >+<
all: 推掉
all: 不甘+心
all: 不錯嘛
all: 驚駭
all: 介紹正妹
all: 追不回
all: 回頭找
all: 亂吃
all: 蒙上
all: 經濟壓力
all: 無瑕
all: 那麼陰
all: 憑什+麼
all: (T+^+T)
all: 贊+助
all: 冷+不防
all: 重回正常
all: 最偉大
all: 出+名
all: 兩+眼開開
all: 黯然
all: 陰+謀
ptt-Hate: 健康
ptt-Hate: 質疑
ptt-Hate: (+′-`)y
ptt-Hate: 不死
ptt-Hate: 利用
ptt-Hate: 嘴臉
ptt-Hate: 妄想
ptt-Hate: 搞錯
ptt-Hate: 煩死
ptt-Hate: 瘋狗
ptt-Hate: 教我
ptt-Hate: 介紹正妹
ptt-Hate: 倒楣
ptt-Hate: 崩╰(〒皿〒)╯潰
ptt-Hate: 蒙上
ptt-Hate: 不良
ptt-Hate: 流氓
ptt-Hate: 懶的
ptt-Hate: 很煩
ptt-Hate: 辛酸
ptt-Hate: 好講話
ptt-Hate: 怕你
ptt-Hate: 孤單
ptt-Hate: 要幹嘛
ptt-Hate: 難用
ptt-Hate: 白癡
ptt-Hate: 沒一下子
ptt-Hate: 聊太
ptt-Hate: 你們這種
ptt-Hate: 不會好到哪去
ptt-Hate: (T+^+T)
ptt-Hate: 討好
ptt-Hate: 受限
ptt-Sad: 不給我
ptt-Sad: 沒好好
ptt-Sad: 寬拓
ptt-Sad: 應付
ptt-Sad: 最後通碟
ptt-Sad: 好氣
ptt-Sad: 放棄很多
ptt-Sad: 怎麼可能
ptt-Sad: 難懂
ptt-Sad: 受不了
ptt-Sad: 可是為什麼
ptt-Sad: 怎麼開始
ptt-Sad: 回頭找
ptt-Sad: 亂吃
ptt-Sad: 要結束
ptt-Sad: 不是+滋味
ptt-Sad: 少給我
ptt-Sad: 得不到
ptt-Sad: 鬼混
ptt-Sad: 檢討
ptt-Sad: 推掉
ptt-Sad: 酸了起來
ptt-Sad: 無法入眠
ptt-Sad: 難熬
ptt-Sad: 遲遲的不敢
ptt-Sad: 迷失
ptt-Sad: 不是奢望
ptt-Sad: 狹小
ptt-Sad: 整天泡在
ptt-happy: 拖著疲憊的
ptt-happy: T+T
ptt-happy: 滿心
ptt-happy: ^+^
ptt-happy: >+<
ptt-happy: XDD
ptt-happy: ^+^
ptt-happy: =+=
ptt-happy: >+<
ptt-happy: XDD
ptt-marvel: 沒打算
ptt-marvel: 怪怪
ptt-marvel: 沒有福+氣
ptt-marvel: 傲人
ptt-marvel: 懸在
ptt-marvel: 擦撞
ptt-marvel: 淚水
ptt-marvel: 打腫
ptt-marvel: 淚人兒
ptt-marvel: 打老公
ptt-marvel: 發麻
ptt-marvel: 竊笑
ptt-marvel: 哭成
ptt-marvel: 勃然
ptt-marvel: 大怒
ptt-marvel: 搞+錯了
ptt-marvel: 比死還要安+靜
ptt-marvel: 騙人
ptt-marvel: 排山倒海
ptt-marvel: 人有人道
ptt-marvel: 沒注意
ptt-marvel: 摟著+她的腰
ptt-marvel: 胡說+八道
ptt-marvel: 半毛錢
ptt-marvel: 爆炸
ptt-marvel: 鬼有鬼道
ptt-marvel: 不方便
ptt-marvel: 如膠似+漆
ptt-marvel: 出+名
ptt-marvel: 迅雷不及掩+耳
ptt-marvel: 大+富大貴
ptt-marvel: 更兇
ptt-marvel: 太閒
ptt-marvel: 不甘+心
ptt-marvel: 睜得很大
ptt-marvel: 不錯嘛
ptt-marvel: 倒好
ptt-marvel: 驚駭
ptt-marvel: 屁事
ptt-marvel: 見不到
ptt-marvel: 沒事+不要
ptt-marvel: 刺+眼
ptt-marvel: 打小孩
ptt-marvel: 中獎
ptt-marvel: 改造手槍
ptt-marvel: 陰暗
ptt-marvel: 經濟壓力
ptt-marvel: 騙走
ptt-marvel: 被罵
ptt-marvel: 未減速
ptt-marvel: 無瑕
ptt-marvel: 漆黑
ptt-marvel: 非常可+怕
ptt-marvel: 傻眼
ptt-marvel: 天下無不散
ptt-marvel: 憑什+麼
ptt-marvel: 找碴
ptt-marvel: 贊+助
ptt-marvel: 冷+不防
ptt-marvel: 絕望
ptt-marvel: 早已停不住
ptt-marvel: 超乎
ptt-marvel: 空無+一人
ptt-marvel: 重回正常
ptt-marvel: 騙鬼
ptt-marvel: 哭出聲來
ptt-marvel: 沒醒
ptt-marvel: 氣頭+上
ptt-marvel: 兩+眼開開
ptt-marvel: 好端端
ptt-marvel: 逃離
ptt-marvel: 那麼陰
ptt-marvel: 陰+謀
yahoo-angry: 好想
yahoo-angry: 抱抱他
yahoo-depressing: 奇怪
yahoo-depressing: 失調
yahoo-depressing: 更好
yahoo-depressing: 好想
yahoo-depressing: 抱抱他
yahoo-depressing: 怪怪
yahoo-depressing: 挽回
yahoo-depressing: 流血
yahoo-depressing: 後悔
yahoo-depressing: 黯然
yahoo-happy: 俊美
yahoo-happy: 壁紙
yahoo-happy: 搞不清楚
yahoo-happy: 大力
yahoo-happy: 改進
yahoo-happy: 傲人
yahoo-happy: 享受
yahoo-happy: 喜獲
yahoo-happy: 最偉大
yahoo-happy: 猛按
yahoo-happy: 緝捕
yahoo-happy: 最高分
yahoo-happy: 富足
yahoo-happy: 懊悔
yahoo-happy: 方便
yahoo-happy: 均安
yahoo-happy: 震驚
yahoo-happy: 期望太大
yahoo-happy: 完整
yahoo-happy: 成熟
yahoo-odd: 嚇壞
yahoo-odd: 誤觸
yahoo-odd: 不美滿
yahoo-odd: 最高分
yahoo-odd: 看俏
yahoo-odd: 理虧
yahoo-odd: 重重障礙
yahoo-odd: 趕來
yahoo-odd: 最偉大
yahoo-odd: 追不回
yahoo-odd: 盧了
yahoo-odd: 不肯
yahoo-odd: 粗口
yahoo-odd: 駭進
yahoo-odd: 近視
yahoo-odd: 千萬不要
yahoo-odd: 沒有+人
yahoo-odd: 債務
yahoo-odd: 赫然
yahoo-odd: 竊
yahoo-worried: 嚇壞
yahoo-worried: 駭進
yahoo-worried: 抱抱他
yahoo-worried: 火花
yahoo-worried: 重罪
yahoo-worried: 痙攣
yahoo-worried: 致死
yahoo-worried: 驚醒
yahoo-worried: 誤觸
yahoo-worried: 好想
yahoo-worried: 欺騙
yahoo-worried: 不費
yahoo-worried: 流血
yahoo-worried: 色情
yahoo-worried: 指使
yahoo-worried: 發抖
yahoo-worried: 病變
yahoo-worried: 壓制
yahoo-worried: 竄出
yahoo-worried: 一槍一彈
